{"E:\\Harsh\\Programming\\changed-files\\src\\errors.ts": {"path":"E:\\Harsh\\Programming\\changed-files\\src\\errors.ts","statementMap":{"0":{"start":{"line":3,"column":6},"end":{"line":3,"column":21}},"1":{"start":{"line":4,"column":6},"end":{"line":4,"column":32}},"2":{"start":{"line":1,"column":0},"end":{"line":1,"column":13}},"3":{"start":{"line":10,"column":6},"end":{"line":10,"column":21}},"4":{"start":{"line":9,"column":40},"end":{"line":9,"column":59}},"5":{"start":{"line":11,"column":6},"end":{"line":11,"column":35}},"6":{"start":{"line":8,"column":2},"end":{"line":8,"column":15}},"7":{"start":{"line":17,"column":6},"end":{"line":17,"column":21}},"8":{"start":{"line":18,"column":6},"end":{"line":18,"column":36}},"9":{"start":{"line":15,"column":2},"end":{"line":15,"column":15}}},"fnMap":{"0":{"name":"(anonymous_0)","decl":{"start":{"line":2,"column":4},"end":{"line":2,"column":16}},"loc":{"start":{"line":2,"column":31},"end":{"line":5,"column":5}}},"1":{"name":"(anonymous_1)","decl":{"start":{"line":9,"column":4},"end":{"line":9,"column":16}},"loc":{"start":{"line":9,"column":59},"end":{"line":12,"column":5}}},"2":{"name":"(anonymous_2)","decl":{"start":{"line":16,"column":4},"end":{"line":16,"column":16}},"loc":{"start":{"line":16,"column":31},"end":{"line":19,"column":5}}}},"branchMap":{},"s":{"0":0,"1":0,"2":0,"3":0,"4":0,"5":0,"6":0,"7":0,"8":0,"9":0},"f":{"0":0,"1":0,"2":0},"b":{}}
,"E:\\Harsh\\Programming\\changed-files\\src\\main.ts": {"path":"E:\\Harsh\\Programming\\changed-files\\src\\main.ts","statementMap":{"0":{"start":{"line":1,"column":0},"end":{"line":1,"column":38}},"1":{"start":{"line":2,"column":0},"end":{"line":2,"column":42}},"2":{"start":{"line":3,"column":0},"end":{"line":3,"column":62}},"3":{"start":{"line":4,"column":0},"end":{"line":4,"column":53}},"4":{"start":{"line":5,"column":0},"end":{"line":5,"column":56}},"5":{"start":{"line":6,"column":0},"end":{"line":6,"column":51}},"6":{"start":{"line":7,"column":0},"end":{"line":7,"column":63}},"7":{"start":{"line":8,"column":0},"end":{"line":8,"column":53}},"8":{"start":{"line":9,"column":0},"end":{"line":9,"column":49}},"9":{"start":{"line":10,"column":0},"end":{"line":10,"column":72}},"10":{"start":{"line":11,"column":0},"end":{"line":11,"column":40}},"11":{"start":{"line":12,"column":0},"end":{"line":12,"column":69}},"12":{"start":{"line":16,"column":2},"end":{"line":145,"column":3}},"13":{"start":{"line":17,"column":4},"end":{"line":17,"column":55}},"14":{"start":{"line":20,"column":19},"end":{"line":20,"column":36}},"15":{"start":{"line":23,"column":19},"end":{"line":23,"column":43}},"16":{"start":{"line":26,"column":4},"end":{"line":26,"column":50}},"17":{"start":{"line":27,"column":22},"end":{"line":27,"column":49}},"18":{"start":{"line":28,"column":23},"end":{"line":28,"column":43}},"19":{"start":{"line":30,"column":4},"end":{"line":39,"column":5}},"20":{"start":{"line":31,"column":6},"end":{"line":37,"column":7}},"21":{"start":{"line":32,"column":25},"end":{"line":32,"column":68}},"22":{"start":{"line":33,"column":8},"end":{"line":33,"column":53}},"23":{"start":{"line":34,"column":8},"end":{"line":36,"column":9}},"24":{"start":{"line":35,"column":10},"end":{"line":35,"column":45}},"25":{"start":{"line":38,"column":6},"end":{"line":38,"column":67}},"26":{"start":{"line":41,"column":4},"end":{"line":53,"column":5}},"27":{"start":{"line":42,"column":6},"end":{"line":46,"column":7}},"28":{"start":{"line":43,"column":25},"end":{"line":43,"column":72}},"29":{"start":{"line":44,"column":8},"end":{"line":44,"column":54}},"30":{"start":{"line":45,"column":8},"end":{"line":45,"column":67}},"31":{"start":{"line":48,"column":6},"end":{"line":52,"column":7}},"32":{"start":{"line":49,"column":8},"end":{"line":51,"column":10}},"33":{"start":{"line":55,"column":4},"end":{"line":55,"column":41}},"34":{"start":{"line":56,"column":4},"end":{"line":56,"column":22}},"35":{"start":{"line":59,"column":4},"end":{"line":59,"column":51}},"36":{"start":{"line":60,"column":25},"end":{"line":60,"column":100}},"37":{"start":{"line":61,"column":4},"end":{"line":61,"column":22}},"38":{"start":{"line":64,"column":4},"end":{"line":99,"column":5}},"39":{"start":{"line":65,"column":29},"end":{"line":65,"column":65}},"40":{"start":{"line":67,"column":6},"end":{"line":82,"column":7}},"41":{"start":{"line":69,"column":57},"end":{"line":69,"column":59}},"42":{"start":{"line":70,"column":8},"end":{"line":76,"column":9}},"43":{"start":{"line":71,"column":10},"end":{"line":75,"column":12}},"44":{"start":{"line":78,"column":8},"end":{"line":78,"column":38}},"45":{"start":{"line":79,"column":8},"end":{"line":79,"column":42}},"46":{"start":{"line":80,"column":8},"end":{"line":80,"column":59}},"47":{"start":{"line":81,"column":8},"end":{"line":81,"column":15}},"48":{"start":{"line":85,"column":53},"end":{"line":85,"column":55}},"49":{"start":{"line":86,"column":6},"end":{"line":93,"column":7}},"50":{"start":{"line":87,"column":8},"end":{"line":92,"column":10}},"51":{"start":{"line":95,"column":6},"end":{"line":95,"column":34}},"52":{"start":{"line":96,"column":6},"end":{"line":96,"column":38}},"53":{"start":{"line":97,"column":6},"end":{"line":97,"column":58}},"54":{"start":{"line":98,"column":6},"end":{"line":98,"column":13}},"55":{"start":{"line":102,"column":4},"end":{"line":102,"column":54}},"56":{"start":{"line":103,"column":23},"end":{"line":103,"column":64}},"57":{"start":{"line":105,"column":4},"end":{"line":109,"column":5}},"58":{"start":{"line":106,"column":6},"end":{"line":108,"column":7}},"59":{"start":{"line":107,"column":8},"end":{"line":107,"column":69}},"60":{"start":{"line":110,"column":4},"end":{"line":110,"column":22}},"61":{"start":{"line":113,"column":20},"end":{"line":113,"column":67}},"62":{"start":{"line":116,"column":4},"end":{"line":120,"column":5}},"63":{"start":{"line":117,"column":6},"end":{"line":119,"column":7}},"64":{"start":{"line":118,"column":8},"end":{"line":118,"column":54}},"65":{"start":{"line":123,"column":4},"end":{"line":123,"column":29}},"66":{"start":{"line":126,"column":4},"end":{"line":126,"column":33}},"67":{"start":{"line":128,"column":4},"end":{"line":128,"column":82}},"68":{"start":{"line":131,"column":4},"end":{"line":144,"column":5}},"69":{"start":{"line":132,"column":6},"end":{"line":132,"column":60}},"70":{"start":{"line":133,"column":6},"end":{"line":133,"column":46}},"71":{"start":{"line":134,"column":11},"end":{"line":144,"column":5}},"72":{"start":{"line":135,"column":6},"end":{"line":135,"column":57}},"73":{"start":{"line":136,"column":6},"end":{"line":136,"column":66}},"74":{"start":{"line":137,"column":11},"end":{"line":144,"column":5}},"75":{"start":{"line":138,"column":6},"end":{"line":138,"column":57}},"76":{"start":{"line":139,"column":6},"end":{"line":139,"column":56}},"77":{"start":{"line":141,"column":6},"end":{"line":141,"column":57}},"78":{"start":{"line":142,"column":6},"end":{"line":142,"column":32}},"79":{"start":{"line":143,"column":6},"end":{"line":143,"column":36}},"80":{"start":{"line":148,"column":0},"end":{"line":148,"column":6}}},"fnMap":{"0":{"name":"run","decl":{"start":{"line":15,"column":15},"end":{"line":15,"column":18}},"loc":{"start":{"line":15,"column":18},"end":{"line":146,"column":1}}}},"branchMap":{"0":{"loc":{"start":{"line":30,"column":4},"end":{"line":39,"column":5}},"type":"if","locations":[{"start":{"line":30,"column":4},"end":{"line":39,"column":5}}]},"1":{"loc":{"start":{"line":32,"column":25},"end":{"line":32,"column":68}},"type":"cond-expr","locations":[{"start":{"line":32,"column":38},"end":{"line":32,"column":55}},{"start":{"line":32,"column":58},"end":{"line":32,"column":68}}]},"2":{"loc":{"start":{"line":34,"column":8},"end":{"line":36,"column":9}},"type":"if","locations":[{"start":{"line":34,"column":8},"end":{"line":36,"column":9}}]},"3":{"loc":{"start":{"line":41,"column":4},"end":{"line":53,"column":5}},"type":"if","locations":[{"start":{"line":41,"column":4},"end":{"line":53,"column":5}}]},"4":{"loc":{"start":{"line":43,"column":25},"end":{"line":43,"column":72}},"type":"cond-expr","locations":[{"start":{"line":43,"column":40},"end":{"line":43,"column":59}},{"start":{"line":43,"column":62},"end":{"line":43,"column":72}}]},"5":{"loc":{"start":{"line":48,"column":6},"end":{"line":52,"column":7}},"type":"if","locations":[{"start":{"line":48,"column":6},"end":{"line":52,"column":7}}]},"6":{"loc":{"start":{"line":64,"column":4},"end":{"line":99,"column":5}},"type":"if","locations":[{"start":{"line":64,"column":4},"end":{"line":99,"column":5}}]},"7":{"loc":{"start":{"line":67,"column":6},"end":{"line":82,"column":7}},"type":"if","locations":[{"start":{"line":67,"column":6},"end":{"line":82,"column":7}}]},"8":{"loc":{"start":{"line":106,"column":6},"end":{"line":108,"column":7}},"type":"if","locations":[{"start":{"line":106,"column":6},"end":{"line":108,"column":7}}]},"9":{"loc":{"start":{"line":117,"column":6},"end":{"line":119,"column":7}},"type":"if","locations":[{"start":{"line":117,"column":6},"end":{"line":119,"column":7}}]},"10":{"loc":{"start":{"line":131,"column":4},"end":{"line":144,"column":5}},"type":"if","locations":[{"start":{"line":131,"column":4},"end":{"line":144,"column":5}},{"start":{"line":134,"column":11},"end":{"line":144,"column":5}}]},"11":{"loc":{"start":{"line":134,"column":11},"end":{"line":144,"column":5}},"type":"if","locations":[{"start":{"line":134,"column":11},"end":{"line":144,"column":5}},{"start":{"line":137,"column":11},"end":{"line":144,"column":5}}]},"12":{"loc":{"start":{"line":137,"column":11},"end":{"line":144,"column":5}},"type":"if","locations":[{"start":{"line":137,"column":11},"end":{"line":144,"column":5}},{"start":{"line":140,"column":11},"end":{"line":144,"column":5}}]}},"s":{"0":0,"1":0,"2":0,"3":0,"4":0,"5":0,"6":0,"7":0,"8":0,"9":0,"10":0,"11":0,"12":0,"13":0,"14":0,"15":0,"16":0,"17":0,"18":0,"19":0,"20":0,"21":0,"22":0,"23":0,"24":0,"25":0,"26":0,"27":0,"28":0,"29":0,"30":0,"31":0,"32":0,"33":0,"34":0,"35":0,"36":0,"37":0,"38":0,"39":0,"40":0,"41":0,"42":0,"43":0,"44":0,"45":0,"46":0,"47":0,"48":0,"49":0,"50":0,"51":0,"52":0,"53":0,"54":0,"55":0,"56":0,"57":0,"58":0,"59":0,"60":0,"61":0,"62":0,"63":0,"64":0,"65":0,"66":0,"67":0,"68":0,"69":0,"70":0,"71":0,"72":0,"73":0,"74":0,"75":0,"76":0,"77":0,"78":0,"79":0,"80":0},"f":{"0":0},"b":{"0":[0],"1":[0,0],"2":[0],"3":[0],"4":[0,0],"5":[0],"6":[0],"7":[0],"8":[0],"9":[0],"10":[0,0],"11":[0,0],"12":[0,0]}}
,"E:\\Harsh\\Programming\\changed-files\\src\\classify\\matcher.ts": {"path":"E:\\Harsh\\Programming\\changed-files\\src\\classify\\matcher.ts","statementMap":{"0":{"start":{"line":6,"column":0},"end":{"line":6,"column":16}},"1":{"start":{"line":53,"column":0},"end":{"line":53,"column":16}},"2":{"start":{"line":1,"column":0},"end":{"line":1,"column":38}},"3":{"start":{"line":2,"column":0},"end":{"line":2,"column":29}},"4":{"start":{"line":8,"column":25},"end":{"line":9,"column":null}},"5":{"start":{"line":9,"column":4},"end":{"line":9,"column":48}},"6":{"start":{"line":12,"column":2},"end":{"line":14,"column":3}},"7":{"start":{"line":13,"column":4},"end":{"line":13,"column":17}},"8":{"start":{"line":17,"column":2},"end":{"line":25,"column":3}},"9":{"start":{"line":18,"column":27},"end":{"line":19,"column":null}},"10":{"start":{"line":19,"column":6},"end":{"line":19,"column":50}},"11":{"start":{"line":22,"column":4},"end":{"line":24,"column":5}},"12":{"start":{"line":23,"column":6},"end":{"line":23,"column":19}},"13":{"start":{"line":28,"column":2},"end":{"line":33,"column":3}},"14":{"start":{"line":29,"column":20},"end":{"line":29,"column":43}},"15":{"start":{"line":30,"column":4},"end":{"line":32,"column":5}},"16":{"start":{"line":31,"column":6},"end":{"line":31,"column":19}},"17":{"start":{"line":36,"column":2},"end":{"line":38,"column":3}},"18":{"start":{"line":37,"column":4},"end":{"line":37,"column":17}},"19":{"start":{"line":41,"column":2},"end":{"line":43,"column":3}},"20":{"start":{"line":42,"column":4},"end":{"line":42,"column":17}},"21":{"start":{"line":46,"column":2},"end":{"line":48,"column":3}},"22":{"start":{"line":47,"column":4},"end":{"line":47,"column":17}},"23":{"start":{"line":50,"column":2},"end":{"line":50,"column":14}},"24":{"start":{"line":57,"column":49},"end":{"line":57,"column":51}},"25":{"start":{"line":60,"column":2},"end":{"line":62,"column":3}},"26":{"start":{"line":61,"column":4},"end":{"line":61,"column":27}},"27":{"start":{"line":65,"column":2},"end":{"line":71,"column":3}},"28":{"start":{"line":66,"column":4},"end":{"line":70,"column":5}},"29":{"start":{"line":67,"column":6},"end":{"line":69,"column":7}},"30":{"start":{"line":68,"column":8},"end":{"line":68,"column":37}},"31":{"start":{"line":73,"column":2},"end":{"line":73,"column":17}}},"fnMap":{"0":{"name":"classifyFile","decl":{"start":{"line":6,"column":16},"end":{"line":6,"column":28}},"loc":{"start":{"line":6,"column":70},"end":{"line":51,"column":1}}},"1":{"name":"(anonymous_10)","decl":{"start":{"line":8,"column":49},"end":{"line":8,"column":56}},"loc":{"start":{"line":9,"column":4},"end":{"line":9,"column":48}}},"2":{"name":"(anonymous_11)","decl":{"start":{"line":18,"column":51},"end":{"line":18,"column":58}},"loc":{"start":{"line":19,"column":6},"end":{"line":19,"column":50}}},"3":{"name":"classifyFiles","decl":{"start":{"line":53,"column":16},"end":{"line":53,"column":29}},"loc":{"start":{"line":55,"column":35},"end":{"line":74,"column":1}}}},"branchMap":{"0":{"loc":{"start":{"line":12,"column":2},"end":{"line":14,"column":3}},"type":"if","locations":[{"start":{"line":12,"column":2},"end":{"line":14,"column":3}}]},"1":{"loc":{"start":{"line":17,"column":2},"end":{"line":25,"column":3}},"type":"if","locations":[{"start":{"line":17,"column":2},"end":{"line":25,"column":3}}]},"2":{"loc":{"start":{"line":17,"column":6},"end":{"line":17,"column":57}},"type":"binary-expr","locations":[{"start":{"line":17,"column":6},"end":{"line":17,"column":24}},{"start":{"line":17,"column":28},"end":{"line":17,"column":57}}]},"3":{"loc":{"start":{"line":22,"column":4},"end":{"line":24,"column":5}},"type":"if","locations":[{"start":{"line":22,"column":4},"end":{"line":24,"column":5}}]},"4":{"loc":{"start":{"line":28,"column":2},"end":{"line":33,"column":3}},"type":"if","locations":[{"start":{"line":28,"column":2},"end":{"line":33,"column":3}}]},"5":{"loc":{"start":{"line":28,"column":6},"end":{"line":28,"column":81}},"type":"binary-expr","locations":[{"start":{"line":28,"column":6},"end":{"line":28,"column":36}},{"start":{"line":28,"column":40},"end":{"line":28,"column":81}}]},"6":{"loc":{"start":{"line":30,"column":4},"end":{"line":32,"column":5}},"type":"if","locations":[{"start":{"line":30,"column":4},"end":{"line":32,"column":5}}]},"7":{"loc":{"start":{"line":36,"column":2},"end":{"line":38,"column":3}},"type":"if","locations":[{"start":{"line":36,"column":2},"end":{"line":38,"column":3}}]},"8":{"loc":{"start":{"line":36,"column":6},"end":{"line":36,"column":52}},"type":"binary-expr","locations":[{"start":{"line":36,"column":6},"end":{"line":36,"column":37}},{"start":{"line":36,"column":41},"end":{"line":36,"column":52}}]},"9":{"loc":{"start":{"line":41,"column":2},"end":{"line":43,"column":3}},"type":"if","locations":[{"start":{"line":41,"column":2},"end":{"line":43,"column":3}}]},"10":{"loc":{"start":{"line":41,"column":6},"end":{"line":41,"column":66}},"type":"binary-expr","locations":[{"start":{"line":41,"column":6},"end":{"line":41,"column":37}},{"start":{"line":41,"column":41},"end":{"line":41,"column":66}}]},"11":{"loc":{"start":{"line":46,"column":2},"end":{"line":48,"column":3}},"type":"if","locations":[{"start":{"line":46,"column":2},"end":{"line":48,"column":3}}]},"12":{"loc":{"start":{"line":46,"column":6},"end":{"line":46,"column":66}},"type":"binary-expr","locations":[{"start":{"line":46,"column":6},"end":{"line":46,"column":37}},{"start":{"line":46,"column":41},"end":{"line":46,"column":66}}]},"13":{"loc":{"start":{"line":67,"column":6},"end":{"line":69,"column":7}},"type":"if","locations":[{"start":{"line":67,"column":6},"end":{"line":69,"column":7}}]}},"s":{"0":1,"1":1,"2":1,"3":1,"4":10,"5":10,"6":10,"7":1,"8":9,"9":2,"10":2,"11":2,"12":1,"13":8,"14":2,"15":2,"16":1,"17":7,"18":1,"19":6,"20":1,"21":5,"22":1,"23":4,"24":0,"25":0,"26":0,"27":0,"28":0,"29":0,"30":0,"31":0},"f":{"0":10,"1":10,"2":2,"3":0},"b":{"0":[1],"1":[2],"2":[9,2],"3":[1],"4":[2],"5":[8,2],"6":[1],"7":[1],"8":[7,1],"9":[1],"10":[6,1],"11":[1],"12":[5,1],"13":[0]}}
,"E:\\Harsh\\Programming\\changed-files\\src\\config\\loader.ts": {"path":"E:\\Harsh\\Programming\\changed-files\\src\\config\\loader.ts","statementMap":{"0":{"start":{"line":8,"column":0},"end":{"line":8,"column":16}},"1":{"start":{"line":23,"column":0},"end":{"line":23,"column":7}},"2":{"start":{"line":1,"column":0},"end":{"line":1,"column":38}},"3":{"start":{"line":2,"column":0},"end":{"line":2,"column":25}},"4":{"start":{"line":3,"column":0},"end":{"line":3,"column":32}},"5":{"start":{"line":5,"column":0},"end":{"line":5,"column":40}},"6":{"start":{"line":6,"column":0},"end":{"line":6,"column":41}},"7":{"start":{"line":9,"column":2},"end":{"line":20,"column":4}},"8":{"start":{"line":25,"column":2},"end":{"line":34,"column":3}},"9":{"start":{"line":26,"column":4},"end":{"line":26,"column":59}},"10":{"start":{"line":27,"column":4},"end":{"line":33,"column":5}},"11":{"start":{"line":28,"column":21},"end":{"line":28,"column":74}},"12":{"start":{"line":29,"column":6},"end":{"line":29,"column":20}},"13":{"start":{"line":31,"column":27},"end":{"line":31,"column":83}},"14":{"start":{"line":32,"column":6},"end":{"line":32,"column":85}},"15":{"start":{"line":37,"column":2},"end":{"line":37,"column":67}},"16":{"start":{"line":38,"column":2},"end":{"line":43,"column":3}},"17":{"start":{"line":39,"column":4},"end":{"line":42,"column":6}},"18":{"start":{"line":45,"column":2},"end":{"line":52,"column":3}},"19":{"start":{"line":46,"column":25},"end":{"line":46,"column":63}},"20":{"start":{"line":47,"column":19},"end":{"line":47,"column":64}},"21":{"start":{"line":48,"column":4},"end":{"line":48,"column":18}},"22":{"start":{"line":50,"column":25},"end":{"line":50,"column":81}},"23":{"start":{"line":51,"column":4},"end":{"line":51,"column":81}}},"fnMap":{"0":{"name":"getActionInputs","decl":{"start":{"line":8,"column":16},"end":{"line":8,"column":31}},"loc":{"start":{"line":8,"column":31},"end":{"line":21,"column":1}}},"1":{"name":"loadConfig","decl":{"start":{"line":23,"column":22},"end":{"line":23,"column":32}},"loc":{"start":{"line":23,"column":53},"end":{"line":53,"column":1}}}},"branchMap":{"0":{"loc":{"start":{"line":10,"column":12},"end":{"line":10,"column":66}},"type":"binary-expr","locations":[{"start":{"line":10,"column":12},"end":{"line":10,"column":35}},{"start":{"line":10,"column":39},"end":{"line":10,"column":66}}]},"1":{"loc":{"start":{"line":11,"column":19},"end":{"line":11,"column":62}},"type":"binary-expr","locations":[{"start":{"line":11,"column":19},"end":{"line":11,"column":49}},{"start":{"line":11,"column":53},"end":{"line":11,"column":62}}]},"2":{"loc":{"start":{"line":14,"column":30},"end":{"line":14,"column":121}},"type":"binary-expr","locations":[{"start":{"line":14,"column":30},"end":{"line":14,"column":103}},{"start":{"line":14,"column":107},"end":{"line":14,"column":121}}]},"3":{"loc":{"start":{"line":15,"column":28},"end":{"line":15,"column":144}},"type":"binary-expr","locations":[{"start":{"line":15,"column":28},"end":{"line":15,"column":116}},{"start":{"line":15,"column":120},"end":{"line":15,"column":144}}]},"4":{"loc":{"start":{"line":16,"column":30},"end":{"line":16,"column":97}},"type":"binary-expr","locations":[{"start":{"line":16,"column":30},"end":{"line":16,"column":87}},{"start":{"line":16,"column":91},"end":{"line":16,"column":97}}]},"5":{"loc":{"start":{"line":25,"column":2},"end":{"line":34,"column":3}},"type":"if","locations":[{"start":{"line":25,"column":2},"end":{"line":34,"column":3}}]},"6":{"loc":{"start":{"line":31,"column":27},"end":{"line":31,"column":83}},"type":"cond-expr","locations":[{"start":{"line":31,"column":52},"end":{"line":31,"column":65}},{"start":{"line":31,"column":68},"end":{"line":31,"column":83}}]},"7":{"loc":{"start":{"line":38,"column":2},"end":{"line":43,"column":3}},"type":"if","locations":[{"start":{"line":38,"column":2},"end":{"line":43,"column":3}}]},"8":{"loc":{"start":{"line":50,"column":25},"end":{"line":50,"column":81}},"type":"cond-expr","locations":[{"start":{"line":50,"column":50},"end":{"line":50,"column":63}},{"start":{"line":50,"column":66},"end":{"line":50,"column":81}}]}},"s":{"0":0,"1":0,"2":0,"3":0,"4":0,"5":0,"6":0,"7":0,"8":0,"9":0,"10":0,"11":0,"12":0,"13":0,"14":0,"15":0,"16":0,"17":0,"18":0,"19":0,"20":0,"21":0,"22":0,"23":0},"f":{"0":0,"1":0},"b":{"0":[0,0],"1":[0,0],"2":[0,0],"3":[0,0],"4":[0,0],"5":[0],"6":[0,0],"7":[0],"8":[0,0]}}
,"E:\\Harsh\\Programming\\changed-files\\src\\config\\validator.ts": {"path":"E:\\Harsh\\Programming\\changed-files\\src\\config\\validator.ts","statementMap":{"0":{"start":{"line":1,"column":0},"end":{"line":1,"column":38}},"1":{"start":{"line":6,"column":38},"end":{"line":6,"column":40}},"2":{"start":{"line":7,"column":42},"end":{"line":7,"column":44}},"3":{"start":{"line":10,"column":4},"end":{"line":10,"column":25}},"4":{"start":{"line":14,"column":4},"end":{"line":14,"column":26}},"5":{"start":{"line":15,"column":4},"end":{"line":15,"column":25}},"6":{"start":{"line":16,"column":4},"end":{"line":16,"column":28}},"7":{"start":{"line":18,"column":4},"end":{"line":22,"column":6}},"8":{"start":{"line":26,"column":4},"end":{"line":29,"column":5}},"9":{"start":{"line":27,"column":6},"end":{"line":27,"column":69}},"10":{"start":{"line":28,"column":6},"end":{"line":28,"column":13}},"11":{"start":{"line":31,"column":4},"end":{"line":34,"column":5}},"12":{"start":{"line":32,"column":6},"end":{"line":32,"column":64}},"13":{"start":{"line":33,"column":6},"end":{"line":33,"column":13}},"14":{"start":{"line":36,"column":4},"end":{"line":39,"column":5}},"15":{"start":{"line":37,"column":6},"end":{"line":37,"column":72}},"16":{"start":{"line":38,"column":6},"end":{"line":38,"column":13}},"17":{"start":{"line":41,"column":4},"end":{"line":43,"column":5}},"18":{"start":{"line":42,"column":6},"end":{"line":42,"column":46}},"19":{"start":{"line":48,"column":4},"end":{"line":55,"column":5}},"20":{"start":{"line":49,"column":6},"end":{"line":54,"column":8}},"21":{"start":{"line":58,"column":4},"end":{"line":61,"column":5}},"22":{"start":{"line":59,"column":6},"end":{"line":59,"column":73}},"23":{"start":{"line":60,"column":6},"end":{"line":60,"column":13}},"24":{"start":{"line":63,"column":4},"end":{"line":66,"column":5}},"25":{"start":{"line":64,"column":6},"end":{"line":64,"column":78}},"26":{"start":{"line":65,"column":6},"end":{"line":65,"column":13}},"27":{"start":{"line":68,"column":4},"end":{"line":75,"column":5}},"28":{"start":{"line":69,"column":6},"end":{"line":74,"column":8}},"29":{"start":{"line":78,"column":4},"end":{"line":82,"column":5}},"30":{"start":{"line":79,"column":6},"end":{"line":81,"column":7}},"31":{"start":{"line":80,"column":8},"end":{"line":80,"column":80}},"32":{"start":{"line":85,"column":4},"end":{"line":103,"column":5}},"33":{"start":{"line":86,"column":6},"end":{"line":102,"column":7}},"34":{"start":{"line":87,"column":8},"end":{"line":91,"column":10}},"35":{"start":{"line":93,"column":8},"end":{"line":101,"column":9}},"36":{"start":{"line":94,"column":10},"end":{"line":100,"column":11}},"37":{"start":{"line":95,"column":12},"end":{"line":99,"column":14}},"38":{"start":{"line":106,"column":4},"end":{"line":112,"column":5}},"39":{"start":{"line":107,"column":6},"end":{"line":111,"column":7}},"40":{"start":{"line":108,"column":8},"end":{"line":108,"column":89}},"41":{"start":{"line":109,"column":13},"end":{"line":111,"column":7}},"42":{"start":{"line":110,"column":8},"end":{"line":110,"column":85}},"43":{"start":{"line":115,"column":25},"end":{"line":119,"column":6}},"44":{"start":{"line":121,"column":4},"end":{"line":125,"column":5}},"45":{"start":{"line":122,"column":6},"end":{"line":124,"column":7}},"46":{"start":{"line":123,"column":8},"end":{"line":123,"column":69}},"47":{"start":{"line":129,"column":4},"end":{"line":152,"column":5}},"48":{"start":{"line":131,"column":6},"end":{"line":138,"column":7}},"49":{"start":{"line":132,"column":8},"end":{"line":137,"column":10}},"50":{"start":{"line":141,"column":6},"end":{"line":151,"column":7}},"51":{"start":{"line":142,"column":27},"end":{"line":142,"column":82}},"52":{"start":{"line":142,"column":54},"end":{"line":142,"column":81}},"53":{"start":{"line":144,"column":8},"end":{"line":150,"column":9}},"54":{"start":{"line":145,"column":10},"end":{"line":149,"column":12}},"55":{"start":{"line":156,"column":4},"end":{"line":170,"column":5}},"56":{"start":{"line":158,"column":6},"end":{"line":162,"column":7}},"57":{"start":{"line":159,"column":8},"end":{"line":161,"column":9}},"58":{"start":{"line":160,"column":10},"end":{"line":160,"column":57}},"59":{"start":{"line":165,"column":6},"end":{"line":169,"column":7}},"60":{"start":{"line":166,"column":8},"end":{"line":168,"column":9}},"61":{"start":{"line":167,"column":10},"end":{"line":167,"column":57}},"62":{"start":{"line":175,"column":4},"end":{"line":181,"column":5}},"63":{"start":{"line":176,"column":6},"end":{"line":180,"column":8}},"64":{"start":{"line":184,"column":4},"end":{"line":190,"column":5}},"65":{"start":{"line":185,"column":6},"end":{"line":189,"column":8}},"66":{"start":{"line":193,"column":4},"end":{"line":198,"column":5}},"67":{"start":{"line":194,"column":6},"end":{"line":194,"column":29}},"68":{"start":{"line":196,"column":27},"end":{"line":196,"column":81}},"69":{"start":{"line":197,"column":6},"end":{"line":197,"column":87}},"70":{"start":{"line":201,"column":4},"end":{"line":203,"column":5}},"71":{"start":{"line":202,"column":6},"end":{"line":202,"column":95}},"72":{"start":{"line":206,"column":4},"end":{"line":212,"column":5}},"73":{"start":{"line":207,"column":6},"end":{"line":211,"column":8}},"74":{"start":{"line":221,"column":4},"end":{"line":221,"column":71}},"75":{"start":{"line":225,"column":4},"end":{"line":225,"column":79}},"76":{"start":{"line":4,"column":0},"end":{"line":4,"column":13}}},"fnMap":{"0":{"name":"(anonymous_0)","decl":{"start":{"line":9,"column":2},"end":{"line":9,"column":14}},"loc":{"start":{"line":9,"column":40},"end":{"line":11,"column":3}}},"1":{"name":"(anonymous_1)","decl":{"start":{"line":13,"column":2},"end":{"line":13,"column":10}},"loc":{"start":{"line":13,"column":10},"end":{"line":23,"column":3}}},"2":{"name":"(anonymous_2)","decl":{"start":{"line":25,"column":10},"end":{"line":25,"column":24}},"loc":{"start":{"line":25,"column":24},"end":{"line":44,"column":3}}},"3":{"name":"(anonymous_3)","decl":{"start":{"line":46,"column":10},"end":{"line":46,"column":22}},"loc":{"start":{"line":46,"column":48},"end":{"line":126,"column":3}}},"4":{"name":"(anonymous_4)","decl":{"start":{"line":128,"column":10},"end":{"line":128,"column":23}},"loc":{"start":{"line":128,"column":23},"end":{"line":153,"column":3}}},"5":{"name":"(anonymous_5)","decl":{"start":{"line":142,"column":49},"end":{"line":142,"column":50}},"loc":{"start":{"line":142,"column":54},"end":{"line":142,"column":81}}},"6":{"name":"(anonymous_6)","decl":{"start":{"line":155,"column":10},"end":{"line":155,"column":26}},"loc":{"start":{"line":155,"column":26},"end":{"line":171,"column":3}}},"7":{"name":"(anonymous_7)","decl":{"start":{"line":173,"column":10},"end":{"line":173,"column":25}},"loc":{"start":{"line":173,"column":70},"end":{"line":213,"column":3}}},"8":{"name":"(anonymous_8)","decl":{"start":{"line":215,"column":10},"end":{"line":215,"column":18}},"loc":{"start":{"line":219,"column":16},"end":{"line":222,"column":3}}},"9":{"name":"(anonymous_9)","decl":{"start":{"line":224,"column":10},"end":{"line":224,"column":20}},"loc":{"start":{"line":224,"column":81},"end":{"line":226,"column":3}}}},"branchMap":{"0":{"loc":{"start":{"line":26,"column":4},"end":{"line":29,"column":5}},"type":"if","locations":[{"start":{"line":26,"column":4},"end":{"line":29,"column":5}}]},"1":{"loc":{"start":{"line":31,"column":4},"end":{"line":34,"column":5}},"type":"if","locations":[{"start":{"line":31,"column":4},"end":{"line":34,"column":5}}]},"2":{"loc":{"start":{"line":36,"column":4},"end":{"line":39,"column":5}},"type":"if","locations":[{"start":{"line":36,"column":4},"end":{"line":39,"column":5}}]},"3":{"loc":{"start":{"line":48,"column":4},"end":{"line":55,"column":5}},"type":"if","locations":[{"start":{"line":48,"column":4},"end":{"line":55,"column":5}}]},"4":{"loc":{"start":{"line":58,"column":4},"end":{"line":61,"column":5}},"type":"if","locations":[{"start":{"line":58,"column":4},"end":{"line":61,"column":5}}]},"5":{"loc":{"start":{"line":63,"column":4},"end":{"line":66,"column":5}},"type":"if","locations":[{"start":{"line":63,"column":4},"end":{"line":66,"column":5}}]},"6":{"loc":{"start":{"line":68,"column":4},"end":{"line":75,"column":5}},"type":"if","locations":[{"start":{"line":68,"column":4},"end":{"line":75,"column":5}}]},"7":{"loc":{"start":{"line":78,"column":4},"end":{"line":82,"column":5}},"type":"if","locations":[{"start":{"line":78,"column":4},"end":{"line":82,"column":5}}]},"8":{"loc":{"start":{"line":79,"column":6},"end":{"line":81,"column":7}},"type":"if","locations":[{"start":{"line":79,"column":6},"end":{"line":81,"column":7}}]},"9":{"loc":{"start":{"line":85,"column":4},"end":{"line":103,"column":5}},"type":"if","locations":[{"start":{"line":85,"column":4},"end":{"line":103,"column":5}}]},"10":{"loc":{"start":{"line":86,"column":6},"end":{"line":102,"column":7}},"type":"if","locations":[{"start":{"line":86,"column":6},"end":{"line":102,"column":7}},{"start":{"line":92,"column":13},"end":{"line":102,"column":7}}]},"11":{"loc":{"start":{"line":94,"column":10},"end":{"line":100,"column":11}},"type":"if","locations":[{"start":{"line":94,"column":10},"end":{"line":100,"column":11}}]},"12":{"loc":{"start":{"line":106,"column":4},"end":{"line":112,"column":5}},"type":"if","locations":[{"start":{"line":106,"column":4},"end":{"line":112,"column":5}}]},"13":{"loc":{"start":{"line":107,"column":6},"end":{"line":111,"column":7}},"type":"if","locations":[{"start":{"line":107,"column":6},"end":{"line":111,"column":7}},{"start":{"line":109,"column":13},"end":{"line":111,"column":7}}]},"14":{"loc":{"start":{"line":109,"column":13},"end":{"line":111,"column":7}},"type":"if","locations":[{"start":{"line":109,"column":13},"end":{"line":111,"column":7}}]},"15":{"loc":{"start":{"line":122,"column":6},"end":{"line":124,"column":7}},"type":"if","locations":[{"start":{"line":122,"column":6},"end":{"line":124,"column":7}}]},"16":{"loc":{"start":{"line":122,"column":10},"end":{"line":122,"column":73}},"type":"binary-expr","locations":[{"start":{"line":122,"column":10},"end":{"line":122,"column":36}},{"start":{"line":122,"column":40},"end":{"line":122,"column":73}}]},"17":{"loc":{"start":{"line":131,"column":6},"end":{"line":138,"column":7}},"type":"if","locations":[{"start":{"line":131,"column":6},"end":{"line":138,"column":7}}]},"18":{"loc":{"start":{"line":131,"column":10},"end":{"line":131,"column":106}},"type":"binary-expr","locations":[{"start":{"line":131,"column":11},"end":{"line":131,"column":25}},{"start":{"line":131,"column":29},"end":{"line":131,"column":54}},{"start":{"line":131,"column":60},"end":{"line":131,"column":74}},{"start":{"line":131,"column":78},"end":{"line":131,"column":105}}]},"19":{"loc":{"start":{"line":141,"column":6},"end":{"line":151,"column":7}},"type":"if","locations":[{"start":{"line":141,"column":6},"end":{"line":151,"column":7}}]},"20":{"loc":{"start":{"line":141,"column":10},"end":{"line":141,"column":42}},"type":"binary-expr","locations":[{"start":{"line":141,"column":10},"end":{"line":141,"column":24}},{"start":{"line":141,"column":28},"end":{"line":141,"column":42}}]},"21":{"loc":{"start":{"line":144,"column":8},"end":{"line":150,"column":9}},"type":"if","locations":[{"start":{"line":144,"column":8},"end":{"line":150,"column":9}}]},"22":{"loc":{"start":{"line":158,"column":6},"end":{"line":162,"column":7}},"type":"if","locations":[{"start":{"line":158,"column":6},"end":{"line":162,"column":7}}]},"23":{"loc":{"start":{"line":165,"column":6},"end":{"line":169,"column":7}},"type":"if","locations":[{"start":{"line":165,"column":6},"end":{"line":169,"column":7}}]},"24":{"loc":{"start":{"line":175,"column":4},"end":{"line":181,"column":5}},"type":"if","locations":[{"start":{"line":175,"column":4},"end":{"line":181,"column":5}}]},"25":{"loc":{"start":{"line":184,"column":4},"end":{"line":190,"column":5}},"type":"if","locations":[{"start":{"line":184,"column":4},"end":{"line":190,"column":5}}]},"26":{"loc":{"start":{"line":196,"column":27},"end":{"line":196,"column":81}},"type":"cond-expr","locations":[{"start":{"line":196,"column":52},"end":{"line":196,"column":65}},{"start":{"line":196,"column":68},"end":{"line":196,"column":81}}]},"27":{"loc":{"start":{"line":201,"column":4},"end":{"line":203,"column":5}},"type":"if","locations":[{"start":{"line":201,"column":4},"end":{"line":203,"column":5}}]},"28":{"loc":{"start":{"line":206,"column":4},"end":{"line":212,"column":5}},"type":"if","locations":[{"start":{"line":206,"column":4},"end":{"line":212,"column":5}}]},"29":{"loc":{"start":{"line":206,"column":8},"end":{"line":206,"column":43}},"type":"binary-expr","locations":[{"start":{"line":206,"column":8},"end":{"line":206,"column":24}},{"start":{"line":206,"column":28},"end":{"line":206,"column":43}}]}},"s":{"0":1,"1":6,"2":6,"3":6,"4":6,"5":6,"6":5,"7":5,"8":6,"9":1,"10":1,"11":5,"12":0,"13":0,"14":5,"15":0,"16":0,"17":5,"18":5,"19":5,"20":1,"21":5,"22":0,"23":0,"24":5,"25":0,"26":0,"27":5,"28":1,"29":5,"30":0,"31":0,"32":5,"33":0,"34":0,"35":0,"36":0,"37":0,"38":5,"39":0,"40":0,"41":0,"42":0,"43":5,"44":5,"45":15,"46":0,"47":6,"48":5,"49":0,"50":5,"51":0,"52":0,"53":0,"54":0,"55":5,"56":5,"57":5,"58":4,"59":5,"60":0,"61":0,"62":4,"63":1,"64":4,"65":0,"66":4,"67":4,"68":0,"69":0,"70":4,"71":0,"72":4,"73":1,"74":3,"75":2,"76":1},"f":{"0":6,"1":6,"2":6,"3":5,"4":6,"5":0,"6":5,"7":4,"8":3,"9":2},"b":{"0":[1],"1":[0],"2":[0],"3":[1],"4":[0],"5":[0],"6":[1],"7":[0],"8":[0],"9":[0],"10":[0,0],"11":[0],"12":[0],"13":[0,0],"14":[0],"15":[0],"16":[15,0],"17":[0],"18":[5,0,0,0],"19":[0],"20":[5,5],"21":[0],"22":[5],"23":[0],"24":[1],"25":[0],"26":[0,0],"27":[0],"28":[1],"29":[4,3]}}
,"E:\\Harsh\\Programming\\changed-files\\src\\diff\\discovery.ts": {"path":"E:\\Harsh\\Programming\\changed-files\\src\\diff\\discovery.ts","statementMap":{"0":{"start":{"line":12,"column":0},"end":{"line":12,"column":7}},"1":{"start":{"line":2,"column":0},"end":{"line":2,"column":41}},"2":{"start":{"line":3,"column":0},"end":{"line":3,"column":55}},"3":{"start":{"line":4,"column":0},"end":{"line":4,"column":49}},"4":{"start":{"line":5,"column":0},"end":{"line":5,"column":null}},"5":{"start":{"line":17,"column":20},"end":{"line":17,"column":37}},"6":{"start":{"line":19,"column":2},"end":{"line":19,"column":37}},"7":{"start":{"line":22,"column":2},"end":{"line":24,"column":3}},"8":{"start":{"line":23,"column":4},"end":{"line":23,"column":55}},"9":{"start":{"line":27,"column":2},"end":{"line":45,"column":3}},"10":{"start":{"line":28,"column":22},"end":{"line":28,"column":37}},"11":{"start":{"line":31,"column":4},"end":{"line":35,"column":5}},"12":{"start":{"line":33,"column":6},"end":{"line":33,"column":41}},"13":{"start":{"line":34,"column":6},"end":{"line":34,"column":93}},"14":{"start":{"line":38,"column":4},"end":{"line":41,"column":5}},"15":{"start":{"line":39,"column":22},"end":{"line":39,"column":54}},"16":{"start":{"line":40,"column":6},"end":{"line":40,"column":81}},"17":{"start":{"line":44,"column":4},"end":{"line":44,"column":92}},"18":{"start":{"line":47,"column":2},"end":{"line":47,"column":58}}},"fnMap":{"0":{"name":"discoverChangedFiles","decl":{"start":{"line":12,"column":22},"end":{"line":12,"column":42}},"loc":{"start":{"line":15,"column":24},"end":{"line":48,"column":1}}}},"branchMap":{"0":{"loc":{"start":{"line":22,"column":2},"end":{"line":24,"column":3}},"type":"if","locations":[{"start":{"line":22,"column":2},"end":{"line":24,"column":3}}]},"1":{"loc":{"start":{"line":22,"column":6},"end":{"line":22,"column":73}},"type":"binary-expr","locations":[{"start":{"line":22,"column":6},"end":{"line":22,"column":34}},{"start":{"line":22,"column":38},"end":{"line":22,"column":73}}]},"2":{"loc":{"start":{"line":27,"column":2},"end":{"line":45,"column":3}},"type":"if","locations":[{"start":{"line":27,"column":2},"end":{"line":45,"column":3}}]},"3":{"loc":{"start":{"line":31,"column":4},"end":{"line":35,"column":5}},"type":"if","locations":[{"start":{"line":31,"column":4},"end":{"line":35,"column":5}}]},"4":{"loc":{"start":{"line":38,"column":4},"end":{"line":41,"column":5}},"type":"if","locations":[{"start":{"line":38,"column":4},"end":{"line":41,"column":5}}]}},"s":{"0":0,"1":0,"2":0,"3":0,"4":0,"5":0,"6":0,"7":0,"8":0,"9":0,"10":0,"11":0,"12":0,"13":0,"14":0,"15":0,"16":0,"17":0,"18":0},"f":{"0":0},"b":{"0":[0],"1":[0,0],"2":[0],"3":[0],"4":[0]}}
,"E:\\Harsh\\Programming\\changed-files\\src\\diff\\edge-cases.ts": {"path":"E:\\Harsh\\Programming\\changed-files\\src\\diff\\edge-cases.ts","statementMap":{"0":{"start":{"line":6,"column":0},"end":{"line":6,"column":16}},"1":{"start":{"line":10,"column":0},"end":{"line":10,"column":16}},"2":{"start":{"line":14,"column":0},"end":{"line":14,"column":16}},"3":{"start":{"line":18,"column":0},"end":{"line":18,"column":16}},"4":{"start":{"line":26,"column":0},"end":{"line":26,"column":16}},"5":{"start":{"line":55,"column":0},"end":{"line":55,"column":16}},"6":{"start":{"line":2,"column":0},"end":{"line":2,"column":41}},"7":{"start":{"line":4,"column":17},"end":{"line":4,"column":59}},"8":{"start":{"line":7,"column":2},"end":{"line":7,"column":70}},"9":{"start":{"line":11,"column":2},"end":{"line":11,"column":31}},"10":{"start":{"line":15,"column":2},"end":{"line":15,"column":28}},"11":{"start":{"line":19,"column":2},"end":{"line":19,"column":87}},"12":{"start":{"line":20,"column":2},"end":{"line":23,"column":4}},"13":{"start":{"line":30,"column":2},"end":{"line":30,"column":85}},"14":{"start":{"line":32,"column":2},"end":{"line":52,"column":3}},"15":{"start":{"line":34,"column":28},"end":{"line":34,"column":80}},"16":{"start":{"line":35,"column":6},"end":{"line":38,"column":8}},"17":{"start":{"line":41,"column":6},"end":{"line":44,"column":8}},"18":{"start":{"line":46,"column":6},"end":{"line":49,"column":8}},"19":{"start":{"line":51,"column":6},"end":{"line":51,"column":84}},"20":{"start":{"line":58,"column":2},"end":{"line":58,"column":58}},"21":{"start":{"line":60,"column":2},"end":{"line":68,"column":3}},"22":{"start":{"line":62,"column":6},"end":{"line":62,"column":59}},"23":{"start":{"line":64,"column":6},"end":{"line":64,"column":66}},"24":{"start":{"line":65,"column":6},"end":{"line":65,"column":57}},"25":{"start":{"line":67,"column":6},"end":{"line":67,"column":59}}},"fnMap":{"0":{"name":"isFirstCommit","decl":{"start":{"line":6,"column":16},"end":{"line":6,"column":29}},"loc":{"start":{"line":6,"column":40},"end":{"line":8,"column":1}}},"1":{"name":"isForcePush","decl":{"start":{"line":10,"column":16},"end":{"line":10,"column":27}},"loc":{"start":{"line":10,"column":38},"end":{"line":12,"column":1}}},"2":{"name":"isEmptyCommit","decl":{"start":{"line":14,"column":16},"end":{"line":14,"column":29}},"loc":{"start":{"line":14,"column":50},"end":{"line":16,"column":1}}},"3":{"name":"handleFirstCommit","decl":{"start":{"line":18,"column":16},"end":{"line":18,"column":33}},"loc":{"start":{"line":18,"column":45},"end":{"line":24,"column":1}}},"4":{"name":"handleForcePush","decl":{"start":{"line":26,"column":16},"end":{"line":26,"column":31}},"loc":{"start":{"line":28,"column":24},"end":{"line":53,"column":1}}},"5":{"name":"handleEmptyCommit","decl":{"start":{"line":55,"column":16},"end":{"line":55,"column":33}},"loc":{"start":{"line":56,"column":24},"end":{"line":69,"column":1}}}},"branchMap":{"0":{"loc":{"start":{"line":7,"column":9},"end":{"line":7,"column":69}},"type":"binary-expr","locations":[{"start":{"line":7,"column":9},"end":{"line":7,"column":34}},{"start":{"line":7,"column":38},"end":{"line":7,"column":69}}]},"1":{"loc":{"start":{"line":32,"column":2},"end":{"line":52,"column":3}},"type":"switch","locations":[{"start":{"line":33,"column":4},"end":{"line":39,"column":5}},{"start":{"line":40,"column":4},"end":{"line":44,"column":8}},{"start":{"line":45,"column":4},"end":{"line":49,"column":8}},{"start":{"line":50,"column":4},"end":{"line":51,"column":84}}]},"2":{"loc":{"start":{"line":34,"column":28},"end":{"line":34,"column":80}},"type":"binary-expr","locations":[{"start":{"line":34,"column":28},"end":{"line":34,"column":70}},{"start":{"line":34,"column":74},"end":{"line":34,"column":80}}]},"3":{"loc":{"start":{"line":60,"column":2},"end":{"line":68,"column":3}},"type":"switch","locations":[{"start":{"line":61,"column":4},"end":{"line":62,"column":59}},{"start":{"line":63,"column":4},"end":{"line":65,"column":57}},{"start":{"line":66,"column":4},"end":{"line":67,"column":59}}]}},"s":{"0":1,"1":1,"2":1,"3":1,"4":1,"5":1,"6":1,"7":1,"8":2,"9":2,"10":2,"11":0,"12":0,"13":0,"14":0,"15":0,"16":0,"17":0,"18":0,"19":0,"20":0,"21":0,"22":0,"23":0,"24":0,"25":0},"f":{"0":2,"1":2,"2":2,"3":0,"4":0,"5":0},"b":{"0":[2,1],"1":[0,0,0,0],"2":[0,0],"3":[0,0,0]}}
,"E:\\Harsh\\Programming\\changed-files\\src\\diff\\pull-request.ts": {"path":"E:\\Harsh\\Programming\\changed-files\\src\\diff\\pull-request.ts","statementMap":{"0":{"start":{"line":14,"column":0},"end":{"line":14,"column":7}},"1":{"start":{"line":1,"column":0},"end":{"line":1,"column":45}},"2":{"start":{"line":3,"column":0},"end":{"line":3,"column":43}},"3":{"start":{"line":4,"column":0},"end":{"line":4,"column":41}},"4":{"start":{"line":5,"column":0},"end":{"line":5,"column":53}},"5":{"start":{"line":7,"column":20},"end":{"line":7,"column":21}},"6":{"start":{"line":8,"column":20},"end":{"line":8,"column":24}},"7":{"start":{"line":11,"column":2},"end":{"line":11,"column":57}},"8":{"start":{"line":11,"column":32},"end":{"line":11,"column":55}},"9":{"start":{"line":18,"column":18},"end":{"line":18,"column":35}},"10":{"start":{"line":19,"column":26},"end":{"line":19,"column":38}},"11":{"start":{"line":20,"column":21},"end":{"line":20,"column":57}},"12":{"start":{"line":22,"column":2},"end":{"line":24,"column":3}},"13":{"start":{"line":23,"column":4},"end":{"line":23,"column":73}},"14":{"start":{"line":26,"column":2},"end":{"line":26,"column":62}},"15":{"start":{"line":28,"column":34},"end":{"line":28,"column":36}},"16":{"start":{"line":29,"column":13},"end":{"line":29,"column":14}},"17":{"start":{"line":30,"column":18},"end":{"line":30,"column":21}},"18":{"start":{"line":32,"column":2},"end":{"line":73,"column":3}},"19":{"start":{"line":32,"column":21},"end":{"line":32,"column":22}},"20":{"start":{"line":33,"column":4},"end":{"line":72,"column":5}},"21":{"start":{"line":34,"column":6},"end":{"line":57,"column":7}},"22":{"start":{"line":35,"column":25},"end":{"line":41,"column":10}},"23":{"start":{"line":43,"column":22},"end":{"line":48,"column":11}},"24":{"start":{"line":43,"column":49},"end":{"line":48,"column":10}},"25":{"start":{"line":50,"column":8},"end":{"line":50,"column":32}},"26":{"start":{"line":52,"column":8},"end":{"line":54,"column":9}},"27":{"start":{"line":53,"column":10},"end":{"line":53,"column":16}},"28":{"start":{"line":56,"column":8},"end":{"line":56,"column":15}},"29":{"start":{"line":59,"column":6},"end":{"line":59,"column":83}},"30":{"start":{"line":60,"column":6},"end":{"line":60,"column":22}},"31":{"start":{"line":63,"column":6},"end":{"line":71,"column":7}},"32":{"start":{"line":64,"column":8},"end":{"line":64,"column":95}},"33":{"start":{"line":65,"column":8},"end":{"line":65,"column":49}},"34":{"start":{"line":67,"column":8},"end":{"line":70,"column":10}},"35":{"start":{"line":75,"column":2},"end":{"line":75,"column":18}},"36":{"start":{"line":79,"column":2},"end":{"line":91,"column":3}},"37":{"start":{"line":81,"column":6},"end":{"line":81,"column":21}},"38":{"start":{"line":84,"column":6},"end":{"line":84,"column":24}},"39":{"start":{"line":86,"column":6},"end":{"line":86,"column":23}},"40":{"start":{"line":88,"column":6},"end":{"line":88,"column":23}},"41":{"start":{"line":90,"column":6},"end":{"line":90,"column":24}}},"fnMap":{"0":{"name":"sleep","decl":{"start":{"line":10,"column":15},"end":{"line":10,"column":20}},"loc":{"start":{"line":10,"column":31},"end":{"line":12,"column":1}}},"1":{"name":"(anonymous_1)","decl":{"start":{"line":11,"column":21},"end":{"line":11,"column":28}},"loc":{"start":{"line":11,"column":32},"end":{"line":11,"column":55}}},"2":{"name":"getChangedFilesFromPR","decl":{"start":{"line":14,"column":22},"end":{"line":14,"column":43}},"loc":{"start":{"line":16,"column":15},"end":{"line":76,"column":1}}},"3":{"name":"(anonymous_3)","decl":{"start":{"line":43,"column":40},"end":{"line":43,"column":44}},"loc":{"start":{"line":43,"column":49},"end":{"line":48,"column":10}}},"4":{"name":"normalizeStatus","decl":{"start":{"line":78,"column":9},"end":{"line":78,"column":24}},"loc":{"start":{"line":78,"column":39},"end":{"line":92,"column":1}}}},"branchMap":{"0":{"loc":{"start":{"line":22,"column":2},"end":{"line":24,"column":3}},"type":"if","locations":[{"start":{"line":22,"column":2},"end":{"line":24,"column":3}}]},"1":{"loc":{"start":{"line":52,"column":8},"end":{"line":54,"column":9}},"type":"if","locations":[{"start":{"line":52,"column":8},"end":{"line":54,"column":9}}]},"2":{"loc":{"start":{"line":63,"column":6},"end":{"line":71,"column":7}},"type":"if","locations":[{"start":{"line":63,"column":6},"end":{"line":71,"column":7}},{"start":{"line":66,"column":13},"end":{"line":71,"column":7}}]},"3":{"loc":{"start":{"line":79,"column":2},"end":{"line":91,"column":3}},"type":"switch","locations":[{"start":{"line":80,"column":4},"end":{"line":81,"column":21}},{"start":{"line":82,"column":4},"end":{"line":82,"column":20}},{"start":{"line":83,"column":4},"end":{"line":84,"column":24}},{"start":{"line":85,"column":4},"end":{"line":86,"column":23}},{"start":{"line":87,"column":4},"end":{"line":88,"column":23}},{"start":{"line":89,"column":4},"end":{"line":90,"column":24}}]}},"s":{"0":0,"1":0,"2":0,"3":0,"4":0,"5":0,"6":0,"7":0,"8":0,"9":0,"10":0,"11":0,"12":0,"13":0,"14":0,"15":0,"16":0,"17":0,"18":0,"19":0,"20":0,"21":0,"22":0,"23":0,"24":0,"25":0,"26":0,"27":0,"28":0,"29":0,"30":0,"31":0,"32":0,"33":0,"34":0,"35":0,"36":0,"37":0,"38":0,"39":0,"40":0,"41":0},"f":{"0":0,"1":0,"2":0,"3":0,"4":0},"b":{"0":[0],"1":[0],"2":[0,0],"3":[0,0,0,0,0,0]}}
,"E:\\Harsh\\Programming\\changed-files\\src\\diff\\push.ts": {"path":"E:\\Harsh\\Programming\\changed-files\\src\\diff\\push.ts","statementMap":{"0":{"start":{"line":14,"column":0},"end":{"line":14,"column":7}},"1":{"start":{"line":1,"column":0},"end":{"line":1,"column":45}},"2":{"start":{"line":3,"column":0},"end":{"line":3,"column":43}},"3":{"start":{"line":4,"column":0},"end":{"line":4,"column":41}},"4":{"start":{"line":5,"column":0},"end":{"line":5,"column":53}},"5":{"start":{"line":7,"column":20},"end":{"line":7,"column":21}},"6":{"start":{"line":8,"column":20},"end":{"line":8,"column":24}},"7":{"start":{"line":11,"column":2},"end":{"line":11,"column":57}},"8":{"start":{"line":11,"column":32},"end":{"line":11,"column":55}},"9":{"start":{"line":20,"column":18},"end":{"line":20,"column":35}},"10":{"start":{"line":21,"column":26},"end":{"line":21,"column":38}},"11":{"start":{"line":23,"column":2},"end":{"line":23,"column":65}},"12":{"start":{"line":25,"column":2},"end":{"line":55,"column":3}},"13":{"start":{"line":25,"column":21},"end":{"line":25,"column":22}},"14":{"start":{"line":26,"column":4},"end":{"line":54,"column":5}},"15":{"start":{"line":27,"column":23},"end":{"line":32,"column":8}},"16":{"start":{"line":34,"column":35},"end":{"line":39,"column":15}},"17":{"start":{"line":34,"column":69},"end":{"line":39,"column":8}},"18":{"start":{"line":41,"column":6},"end":{"line":41,"column":59}},"19":{"start":{"line":42,"column":6},"end":{"line":42,"column":19}},"20":{"start":{"line":45,"column":6},"end":{"line":53,"column":7}},"21":{"start":{"line":46,"column":8},"end":{"line":46,"column":95}},"22":{"start":{"line":47,"column":8},"end":{"line":47,"column":49}},"23":{"start":{"line":49,"column":8},"end":{"line":52,"column":10}},"24":{"start":{"line":57,"column":2},"end":{"line":57,"column":12}},"25":{"start":{"line":61,"column":2},"end":{"line":73,"column":3}},"26":{"start":{"line":63,"column":6},"end":{"line":63,"column":21}},"27":{"start":{"line":66,"column":6},"end":{"line":66,"column":24}},"28":{"start":{"line":68,"column":6},"end":{"line":68,"column":23}},"29":{"start":{"line":70,"column":6},"end":{"line":70,"column":23}},"30":{"start":{"line":72,"column":6},"end":{"line":72,"column":24}}},"fnMap":{"0":{"name":"sleep","decl":{"start":{"line":10,"column":15},"end":{"line":10,"column":20}},"loc":{"start":{"line":10,"column":31},"end":{"line":12,"column":1}}},"1":{"name":"(anonymous_1)","decl":{"start":{"line":11,"column":21},"end":{"line":11,"column":28}},"loc":{"start":{"line":11,"column":32},"end":{"line":11,"column":55}}},"2":{"name":"getChangedFilesFromPush","decl":{"start":{"line":14,"column":22},"end":{"line":14,"column":45}},"loc":{"start":{"line":18,"column":17},"end":{"line":58,"column":1}}},"3":{"name":"(anonymous_3)","decl":{"start":{"line":34,"column":60},"end":{"line":34,"column":64}},"loc":{"start":{"line":34,"column":69},"end":{"line":39,"column":8}}},"4":{"name":"normalizeStatus","decl":{"start":{"line":60,"column":9},"end":{"line":60,"column":24}},"loc":{"start":{"line":60,"column":39},"end":{"line":74,"column":1}}}},"branchMap":{"0":{"loc":{"start":{"line":34,"column":35},"end":{"line":39,"column":15}},"type":"binary-expr","locations":[{"start":{"line":34,"column":35},"end":{"line":39,"column":9}},{"start":{"line":39,"column":13},"end":{"line":39,"column":15}}]},"1":{"loc":{"start":{"line":45,"column":6},"end":{"line":53,"column":7}},"type":"if","locations":[{"start":{"line":45,"column":6},"end":{"line":53,"column":7}},{"start":{"line":48,"column":13},"end":{"line":53,"column":7}}]},"2":{"loc":{"start":{"line":61,"column":2},"end":{"line":73,"column":3}},"type":"switch","locations":[{"start":{"line":62,"column":4},"end":{"line":63,"column":21}},{"start":{"line":64,"column":4},"end":{"line":64,"column":20}},{"start":{"line":65,"column":4},"end":{"line":66,"column":24}},{"start":{"line":67,"column":4},"end":{"line":68,"column":23}},{"start":{"line":69,"column":4},"end":{"line":70,"column":23}},{"start":{"line":71,"column":4},"end":{"line":72,"column":24}}]}},"s":{"0":0,"1":0,"2":0,"3":0,"4":0,"5":0,"6":0,"7":0,"8":0,"9":0,"10":0,"11":0,"12":0,"13":0,"14":0,"15":0,"16":0,"17":0,"18":0,"19":0,"20":0,"21":0,"22":0,"23":0,"24":0,"25":0,"26":0,"27":0,"28":0,"29":0,"30":0},"f":{"0":0,"1":0,"2":0,"3":0,"4":0},"b":{"0":[0,0],"1":[0,0],"2":[0,0,0,0,0,0]}}
,"E:\\Harsh\\Programming\\changed-files\\src\\output\\generator.ts": {"path":"E:\\Harsh\\Programming\\changed-files\\src\\output\\generator.ts","statementMap":{"0":{"start":{"line":5,"column":0},"end":{"line":5,"column":16}},"1":{"start":{"line":1,"column":0},"end":{"line":1,"column":38}},"2":{"start":{"line":3,"column":0},"end":{"line":3,"column":41}},"3":{"start":{"line":6,"column":2},"end":{"line":6,"column":39}},"4":{"start":{"line":9,"column":2},"end":{"line":17,"column":3}},"5":{"start":{"line":10,"column":26},"end":{"line":10,"column":65}},"6":{"start":{"line":12,"column":4},"end":{"line":12,"column":74}},"7":{"start":{"line":13,"column":4},"end":{"line":13,"column":70}},"8":{"start":{"line":14,"column":4},"end":{"line":14,"column":70}},"9":{"start":{"line":16,"column":4},"end":{"line":16,"column":82}},"10":{"start":{"line":20,"column":18},"end":{"line":28,"column":null}},"11":{"start":{"line":21,"column":52},"end":{"line":28,"column":6}},"12":{"start":{"line":31,"column":2},"end":{"line":31,"column":56}},"13":{"start":{"line":33,"column":2},"end":{"line":33,"column":20}}},"fnMap":{"0":{"name":"generateOutputs","decl":{"start":{"line":5,"column":16},"end":{"line":5,"column":31}},"loc":{"start":{"line":5,"column":67},"end":{"line":34,"column":1}}},"1":{"name":"(anonymous_10)","decl":{"start":{"line":21,"column":32},"end":{"line":21,"column":33}},"loc":{"start":{"line":21,"column":52},"end":{"line":28,"column":6}}}},"branchMap":{},"s":{"0":0,"1":0,"2":0,"3":0,"4":0,"5":0,"6":0,"7":0,"8":0,"9":0,"10":0,"11":0,"12":0,"13":0},"f":{"0":0,"1":0},"b":{}}
,"E:\\Harsh\\Programming\\changed-files\\src\\output\\summary.ts": {"path":"E:\\Harsh\\Programming\\changed-files\\src\\output\\summary.ts","statementMap":{"0":{"start":{"line":4,"column":0},"end":{"line":4,"column":7}},"1":{"start":{"line":1,"column":0},"end":{"line":1,"column":38}},"2":{"start":{"line":5,"column":23},"end":{"line":5,"column":86}},"3":{"start":{"line":5,"column":71},"end":{"line":5,"column":85}},"4":{"start":{"line":6,"column":25},"end":{"line":6,"column":89}},"5":{"start":{"line":6,"column":73},"end":{"line":6,"column":88}},"6":{"start":{"line":8,"column":18},"end":{"line":10,"column":17}},"7":{"start":{"line":12,"column":2},"end":{"line":29,"column":3}},"8":{"start":{"line":13,"column":4},"end":{"line":13,"column":45}},"9":{"start":{"line":15,"column":25},"end":{"line":26,"column":6}},"10":{"start":{"line":21,"column":46},"end":{"line":25,"column":8}},"11":{"start":{"line":28,"column":4},"end":{"line":28,"column":48}},"12":{"start":{"line":31,"column":2},"end":{"line":43,"column":3}},"13":{"start":{"line":32,"column":4},"end":{"line":32,"column":47}},"14":{"start":{"line":34,"column":27},"end":{"line":40,"column":6}},"15":{"start":{"line":39,"column":43},"end":{"line":39,"column":65}},"16":{"start":{"line":42,"column":4},"end":{"line":42,"column":50}},"17":{"start":{"line":45,"column":21},"end":{"line":45,"column":80}},"18":{"start":{"line":45,"column":63},"end":{"line":45,"column":76}},"19":{"start":{"line":46,"column":2},"end":{"line":46,"column":64}},"20":{"start":{"line":48,"column":2},"end":{"line":48,"column":24}}},"fnMap":{"0":{"name":"createSummary","decl":{"start":{"line":4,"column":22},"end":{"line":4,"column":35}},"loc":{"start":{"line":4,"column":71},"end":{"line":49,"column":1}}},"1":{"name":"(anonymous_10)","decl":{"start":{"line":5,"column":54},"end":{"line":5,"column":55}},"loc":{"start":{"line":5,"column":71},"end":{"line":5,"column":85}}},"2":{"name":"(anonymous_11)","decl":{"start":{"line":6,"column":56},"end":{"line":6,"column":57}},"loc":{"start":{"line":6,"column":73},"end":{"line":6,"column":88}}},"3":{"name":"(anonymous_12)","decl":{"start":{"line":21,"column":26},"end":{"line":21,"column":27}},"loc":{"start":{"line":21,"column":46},"end":{"line":25,"column":8}}},"4":{"name":"(anonymous_13)","decl":{"start":{"line":39,"column":28},"end":{"line":39,"column":29}},"loc":{"start":{"line":39,"column":43},"end":{"line":39,"column":65}}},"5":{"name":"(anonymous_14)","decl":{"start":{"line":45,"column":51},"end":{"line":45,"column":52}},"loc":{"start":{"line":45,"column":63},"end":{"line":45,"column":76}}}},"branchMap":{"0":{"loc":{"start":{"line":12,"column":2},"end":{"line":29,"column":3}},"type":"if","locations":[{"start":{"line":12,"column":2},"end":{"line":29,"column":3}}]},"1":{"loc":{"start":{"line":31,"column":2},"end":{"line":43,"column":3}},"type":"if","locations":[{"start":{"line":31,"column":2},"end":{"line":43,"column":3}}]}},"s":{"0":0,"1":0,"2":0,"3":0,"4":0,"5":0,"6":0,"7":0,"8":0,"9":0,"10":0,"11":0,"12":0,"13":0,"14":0,"15":0,"16":0,"17":0,"18":0,"19":0,"20":0},"f":{"0":0,"1":0,"2":0,"3":0,"4":0,"5":0},"b":{"0":[0],"1":[0]}}
,"E:\\Harsh\\Programming\\changed-files\\src\\utils\\binary-files.ts": {"path":"E:\\Harsh\\Programming\\changed-files\\src\\utils\\binary-files.ts","statementMap":{"0":{"start":{"line":21,"column":2},"end":{"line":21,"column":18}},"1":{"start":{"line":2,"column":26},"end":{"line":19,"column":4}},"2":{"start":{"line":22,"column":26},"end":{"line":22,"column":48}},"3":{"start":{"line":23,"column":4},"end":{"line":23,"column":70}},"4":{"start":{"line":23,"column":41},"end":{"line":23,"column":68}}},"fnMap":{"0":{"name":"isBinaryFile","decl":{"start":{"line":21,"column":18},"end":{"line":21,"column":30}},"loc":{"start":{"line":21,"column":47},"end":{"line":24,"column":3}}},"1":{"name":"(anonymous_1)","decl":{"start":{"line":23,"column":34},"end":{"line":23,"column":37}},"loc":{"start":{"line":23,"column":41},"end":{"line":23,"column":68}}}},"branchMap":{},"s":{"0":0,"1":0,"2":0,"3":0,"4":0},"f":{"0":0,"1":0},"b":{}}
,"E:\\Harsh\\Programming\\changed-files\\src\\utils\\logger.ts": {"path":"E:\\Harsh\\Programming\\changed-files\\src\\utils\\logger.ts","statementMap":{"0":{"start":{"line":2,"column":0},"end":{"line":2,"column":38}},"1":{"start":{"line":6,"column":4},"end":{"line":6,"column":23}},"2":{"start":{"line":10,"column":4},"end":{"line":10,"column":26}},"3":{"start":{"line":14,"column":4},"end":{"line":14,"column":24}},"4":{"start":{"line":18,"column":4},"end":{"line":18,"column":24}},"5":{"start":{"line":22,"column":4},"end":{"line":22,"column":32}},"6":{"start":{"line":26,"column":4},"end":{"line":26,"column":26}},"7":{"start":{"line":30,"column":4},"end":{"line":30,"column":20}},"8":{"start":{"line":4,"column":0},"end":{"line":4,"column":13}}},"fnMap":{"0":{"name":"(anonymous_9)","decl":{"start":{"line":5,"column":2},"end":{"line":5,"column":8}},"loc":{"start":{"line":5,"column":29},"end":{"line":7,"column":3}}},"1":{"name":"(anonymous_10)","decl":{"start":{"line":9,"column":2},"end":{"line":9,"column":8}},"loc":{"start":{"line":9,"column":29},"end":{"line":11,"column":3}}},"2":{"name":"(anonymous_11)","decl":{"start":{"line":13,"column":2},"end":{"line":13,"column":8}},"loc":{"start":{"line":13,"column":30},"end":{"line":15,"column":3}}},"3":{"name":"(anonymous_12)","decl":{"start":{"line":17,"column":2},"end":{"line":17,"column":8}},"loc":{"start":{"line":17,"column":30},"end":{"line":19,"column":3}}},"4":{"name":"(anonymous_13)","decl":{"start":{"line":21,"column":2},"end":{"line":21,"column":8}},"loc":{"start":{"line":21,"column":52},"end":{"line":23,"column":3}}},"5":{"name":"(anonymous_14)","decl":{"start":{"line":25,"column":2},"end":{"line":25,"column":8}},"loc":{"start":{"line":25,"column":32},"end":{"line":27,"column":3}}},"6":{"name":"(anonymous_15)","decl":{"start":{"line":29,"column":2},"end":{"line":29,"column":8}},"loc":{"start":{"line":29,"column":17},"end":{"line":31,"column":3}}}},"branchMap":{},"s":{"0":1,"1":0,"2":0,"3":0,"4":0,"5":0,"6":0,"7":0,"8":1},"f":{"0":0,"1":0,"2":0,"3":0,"4":0,"5":0,"6":0},"b":{}}
}
