TN:
SF:src\errors.ts
FN:2,(anonymous_0)
FN:9,(anonymous_1)
FN:16,(anonymous_2)
FNF:3
FNH:0
FNDA:0,(anonymous_0)
FNDA:0,(anonymous_1)
FNDA:0,(anonymous_2)
DA:1,0
DA:3,0
DA:4,0
DA:8,0
DA:9,0
DA:10,0
DA:11,0
DA:15,0
DA:17,0
DA:18,0
LF:10
LH:0
BRF:0
BRH:0
end_of_record
TN:
SF:src\main.ts
FN:15,run
FNF:1
FNH:0
FNDA:0,run
DA:1,0
DA:2,0
DA:3,0
DA:4,0
DA:5,0
DA:6,0
DA:7,0
DA:8,0
DA:9,0
DA:10,0
DA:11,0
DA:12,0
DA:16,0
DA:17,0
DA:20,0
DA:23,0
DA:26,0
DA:27,0
DA:28,0
DA:30,0
DA:31,0
DA:32,0
DA:33,0
DA:34,0
DA:35,0
DA:38,0
DA:41,0
DA:42,0
DA:43,0
DA:44,0
DA:45,0
DA:48,0
DA:49,0
DA:55,0
DA:56,0
DA:59,0
DA:60,0
DA:61,0
DA:64,0
DA:65,0
DA:67,0
DA:69,0
DA:70,0
DA:71,0
DA:78,0
DA:79,0
DA:80,0
DA:81,0
DA:85,0
DA:86,0
DA:87,0
DA:95,0
DA:96,0
DA:97,0
DA:98,0
DA:102,0
DA:103,0
DA:105,0
DA:106,0
DA:107,0
DA:110,0
DA:113,0
DA:116,0
DA:117,0
DA:118,0
DA:123,0
DA:126,0
DA:128,0
DA:131,0
DA:132,0
DA:133,0
DA:134,0
DA:135,0
DA:136,0
DA:137,0
DA:138,0
DA:139,0
DA:141,0
DA:142,0
DA:143,0
DA:148,0
LF:81
LH:0
BRDA:30,0,0,0
BRDA:32,1,0,0
BRDA:32,1,1,0
BRDA:34,2,0,0
BRDA:41,3,0,0
BRDA:43,4,0,0
BRDA:43,4,1,0
BRDA:48,5,0,0
BRDA:64,6,0,0
BRDA:67,7,0,0
BRDA:106,8,0,0
BRDA:117,9,0,0
BRDA:131,10,0,0
BRDA:131,10,1,0
BRDA:134,11,0,0
BRDA:134,11,1,0
BRDA:137,12,0,0
BRDA:137,12,1,0
BRF:18
BRH:0
end_of_record
TN:
SF:src\classify\matcher.ts
FN:6,classifyFile
FN:8,(anonymous_10)
FN:18,(anonymous_11)
FN:53,classifyFiles
FNF:4
FNH:3
FNDA:10,classifyFile
FNDA:10,(anonymous_10)
FNDA:2,(anonymous_11)
FNDA:0,classifyFiles
DA:1,1
DA:2,1
DA:6,1
DA:8,10
DA:9,10
DA:12,10
DA:13,1
DA:17,9
DA:18,2
DA:19,2
DA:22,2
DA:23,1
DA:28,8
DA:29,2
DA:30,2
DA:31,1
DA:36,7
DA:37,1
DA:41,6
DA:42,1
DA:46,5
DA:47,1
DA:50,4
DA:53,1
DA:57,0
DA:60,0
DA:61,0
DA:65,0
DA:66,0
DA:67,0
DA:68,0
DA:73,0
LF:32
LH:24
BRDA:12,0,0,1
BRDA:17,1,0,2
BRDA:17,2,0,9
BRDA:17,2,1,2
BRDA:22,3,0,1
BRDA:28,4,0,2
BRDA:28,5,0,8
BRDA:28,5,1,2
BRDA:30,6,0,1
BRDA:36,7,0,1
BRDA:36,8,0,7
BRDA:36,8,1,1
BRDA:41,9,0,1
BRDA:41,10,0,6
BRDA:41,10,1,1
BRDA:46,11,0,1
BRDA:46,12,0,5
BRDA:46,12,1,1
BRDA:67,13,0,0
BRF:19
BRH:18
end_of_record
TN:
SF:src\config\loader.ts
FN:8,getActionInputs
FN:23,loadConfig
FNF:2
FNH:0
FNDA:0,getActionInputs
FNDA:0,loadConfig
DA:1,0
DA:2,0
DA:3,0
DA:5,0
DA:6,0
DA:8,0
DA:9,0
DA:23,0
DA:25,0
DA:26,0
DA:27,0
DA:28,0
DA:29,0
DA:31,0
DA:32,0
DA:37,0
DA:38,0
DA:39,0
DA:45,0
DA:46,0
DA:47,0
DA:48,0
DA:50,0
DA:51,0
LF:24
LH:0
BRDA:10,0,0,0
BRDA:10,0,1,0
BRDA:11,1,0,0
BRDA:11,1,1,0
BRDA:14,2,0,0
BRDA:14,2,1,0
BRDA:15,3,0,0
BRDA:15,3,1,0
BRDA:16,4,0,0
BRDA:16,4,1,0
BRDA:25,5,0,0
BRDA:31,6,0,0
BRDA:31,6,1,0
BRDA:38,7,0,0
BRDA:50,8,0,0
BRDA:50,8,1,0
BRF:16
BRH:0
end_of_record
TN:
SF:src\config\validator.ts
FN:9,(anonymous_0)
FN:13,(anonymous_1)
FN:25,(anonymous_2)
FN:46,(anonymous_3)
FN:128,(anonymous_4)
FN:142,(anonymous_5)
FN:155,(anonymous_6)
FN:173,(anonymous_7)
FN:215,(anonymous_8)
FN:224,(anonymous_9)
FNF:10
FNH:9
FNDA:6,(anonymous_0)
FNDA:6,(anonymous_1)
FNDA:6,(anonymous_2)
FNDA:5,(anonymous_3)
FNDA:6,(anonymous_4)
FNDA:0,(anonymous_5)
FNDA:5,(anonymous_6)
FNDA:4,(anonymous_7)
FNDA:3,(anonymous_8)
FNDA:2,(anonymous_9)
DA:1,1
DA:4,1
DA:6,6
DA:7,6
DA:10,6
DA:14,6
DA:15,6
DA:16,5
DA:18,5
DA:26,6
DA:27,1
DA:28,1
DA:31,5
DA:32,0
DA:33,0
DA:36,5
DA:37,0
DA:38,0
DA:41,5
DA:42,5
DA:48,5
DA:49,1
DA:58,5
DA:59,0
DA:60,0
DA:63,5
DA:64,0
DA:65,0
DA:68,5
DA:69,1
DA:78,5
DA:79,0
DA:80,0
DA:85,5
DA:86,0
DA:87,0
DA:93,0
DA:94,0
DA:95,0
DA:106,5
DA:107,0
DA:108,0
DA:109,0
DA:110,0
DA:115,5
DA:121,5
DA:122,15
DA:123,0
DA:129,6
DA:131,5
DA:132,0
DA:141,5
DA:142,0
DA:144,0
DA:145,0
DA:156,5
DA:158,5
DA:159,5
DA:160,4
DA:165,5
DA:166,0
DA:167,0
DA:175,4
DA:176,1
DA:184,4
DA:185,0
DA:193,4
DA:194,4
DA:196,0
DA:197,0
DA:201,4
DA:202,0
DA:206,4
DA:207,1
DA:221,3
DA:225,2
LF:76
LH:46
BRDA:26,0,0,1
BRDA:31,1,0,0
BRDA:36,2,0,0
BRDA:48,3,0,1
BRDA:58,4,0,0
BRDA:63,5,0,0
BRDA:68,6,0,1
BRDA:78,7,0,0
BRDA:79,8,0,0
BRDA:85,9,0,0
BRDA:86,10,0,0
BRDA:86,10,1,0
BRDA:94,11,0,0
BRDA:106,12,0,0
BRDA:107,13,0,0
BRDA:107,13,1,0
BRDA:109,14,0,0
BRDA:122,15,0,0
BRDA:122,16,0,15
BRDA:122,16,1,0
BRDA:131,17,0,0
BRDA:131,18,0,5
BRDA:131,18,1,0
BRDA:131,18,2,0
BRDA:131,18,3,0
BRDA:141,19,0,0
BRDA:141,20,0,5
BRDA:141,20,1,5
BRDA:144,21,0,0
BRDA:158,22,0,5
BRDA:165,23,0,0
BRDA:175,24,0,1
BRDA:184,25,0,0
BRDA:196,26,0,0
BRDA:196,26,1,0
BRDA:201,27,0,0
BRDA:206,28,0,1
BRDA:206,29,0,4
BRDA:206,29,1,3
BRF:39
BRH:12
end_of_record
TN:
SF:src\diff\discovery.ts
FN:12,discoverChangedFiles
FNF:1
FNH:0
FNDA:0,discoverChangedFiles
DA:2,0
DA:3,0
DA:4,0
DA:5,0
DA:12,0
DA:17,0
DA:19,0
DA:22,0
DA:23,0
DA:27,0
DA:28,0
DA:31,0
DA:33,0
DA:34,0
DA:38,0
DA:39,0
DA:40,0
DA:44,0
DA:47,0
LF:19
LH:0
BRDA:22,0,0,0
BRDA:22,1,0,0
BRDA:22,1,1,0
BRDA:27,2,0,0
BRDA:31,3,0,0
BRDA:38,4,0,0
BRF:6
BRH:0
end_of_record
TN:
SF:src\diff\edge-cases.ts
FN:6,isFirstCommit
FN:10,isForcePush
FN:14,isEmptyCommit
FN:18,handleFirstCommit
FN:26,handleForcePush
FN:55,handleEmptyCommit
FNF:6
FNH:3
FNDA:2,isFirstCommit
FNDA:2,isForcePush
FNDA:2,isEmptyCommit
FNDA:0,handleFirstCommit
FNDA:0,handleForcePush
FNDA:0,handleEmptyCommit
DA:2,1
DA:4,1
DA:6,1
DA:7,2
DA:10,1
DA:11,2
DA:14,1
DA:15,2
DA:18,1
DA:19,0
DA:20,0
DA:26,1
DA:30,0
DA:32,0
DA:34,0
DA:35,0
DA:41,0
DA:46,0
DA:51,0
DA:55,1
DA:58,0
DA:60,0
DA:62,0
DA:64,0
DA:65,0
DA:67,0
LF:26
LH:11
BRDA:7,0,0,2
BRDA:7,0,1,1
BRDA:32,1,0,0
BRDA:32,1,1,0
BRDA:32,1,2,0
BRDA:32,1,3,0
BRDA:34,2,0,0
BRDA:34,2,1,0
BRDA:60,3,0,0
BRDA:60,3,1,0
BRDA:60,3,2,0
BRF:11
BRH:2
end_of_record
TN:
SF:src\diff\pull-request.ts
FN:10,sleep
FN:11,(anonymous_1)
FN:14,getChangedFilesFromPR
FN:43,(anonymous_3)
FN:78,normalizeStatus
FNF:5
FNH:0
FNDA:0,sleep
FNDA:0,(anonymous_1)
FNDA:0,getChangedFilesFromPR
FNDA:0,(anonymous_3)
FNDA:0,normalizeStatus
DA:1,0
DA:3,0
DA:4,0
DA:5,0
DA:7,0
DA:8,0
DA:11,0
DA:14,0
DA:18,0
DA:19,0
DA:20,0
DA:22,0
DA:23,0
DA:26,0
DA:28,0
DA:29,0
DA:30,0
DA:32,0
DA:33,0
DA:34,0
DA:35,0
DA:43,0
DA:50,0
DA:52,0
DA:53,0
DA:56,0
DA:59,0
DA:60,0
DA:63,0
DA:64,0
DA:65,0
DA:67,0
DA:75,0
DA:79,0
DA:81,0
DA:84,0
DA:86,0
DA:88,0
DA:90,0
LF:39
LH:0
BRDA:22,0,0,0
BRDA:52,1,0,0
BRDA:63,2,0,0
BRDA:63,2,1,0
BRDA:79,3,0,0
BRDA:79,3,1,0
BRDA:79,3,2,0
BRDA:79,3,3,0
BRDA:79,3,4,0
BRDA:79,3,5,0
BRF:10
BRH:0
end_of_record
TN:
SF:src\diff\push.ts
FN:10,sleep
FN:11,(anonymous_1)
FN:14,getChangedFilesFromPush
FN:34,(anonymous_3)
FN:60,normalizeStatus
FNF:5
FNH:0
FNDA:0,sleep
FNDA:0,(anonymous_1)
FNDA:0,getChangedFilesFromPush
FNDA:0,(anonymous_3)
FNDA:0,normalizeStatus
DA:1,0
DA:3,0
DA:4,0
DA:5,0
DA:7,0
DA:8,0
DA:11,0
DA:14,0
DA:20,0
DA:21,0
DA:23,0
DA:25,0
DA:26,0
DA:27,0
DA:34,0
DA:41,0
DA:42,0
DA:45,0
DA:46,0
DA:47,0
DA:49,0
DA:57,0
DA:61,0
DA:63,0
DA:66,0
DA:68,0
DA:70,0
DA:72,0
LF:28
LH:0
BRDA:34,0,0,0
BRDA:34,0,1,0
BRDA:45,1,0,0
BRDA:45,1,1,0
BRDA:61,2,0,0
BRDA:61,2,1,0
BRDA:61,2,2,0
BRDA:61,2,3,0
BRDA:61,2,4,0
BRDA:61,2,5,0
BRF:10
BRH:0
end_of_record
TN:
SF:src\output\generator.ts
FN:5,generateOutputs
FN:21,(anonymous_10)
FNF:2
FNH:0
FNDA:0,generateOutputs
FNDA:0,(anonymous_10)
DA:1,0
DA:3,0
DA:5,0
DA:6,0
DA:9,0
DA:10,0
DA:12,0
DA:13,0
DA:14,0
DA:16,0
DA:20,0
DA:21,0
DA:31,0
DA:33,0
LF:14
LH:0
BRF:0
BRH:0
end_of_record
TN:
SF:src\output\summary.ts
FN:4,createSummary
FN:5,(anonymous_10)
FN:6,(anonymous_11)
FN:21,(anonymous_12)
FN:39,(anonymous_13)
FN:45,(anonymous_14)
FNF:6
FNH:0
FNDA:0,createSummary
FNDA:0,(anonymous_10)
FNDA:0,(anonymous_11)
FNDA:0,(anonymous_12)
FNDA:0,(anonymous_13)
FNDA:0,(anonymous_14)
DA:1,0
DA:4,0
DA:5,0
DA:6,0
DA:8,0
DA:12,0
DA:13,0
DA:15,0
DA:21,0
DA:28,0
DA:31,0
DA:32,0
DA:34,0
DA:39,0
DA:42,0
DA:45,0
DA:46,0
DA:48,0
LF:18
LH:0
BRDA:12,0,0,0
BRDA:31,1,0,0
BRF:2
BRH:0
end_of_record
TN:
SF:src\utils\binary-files.ts
FN:21,isBinaryFile
FN:23,(anonymous_1)
FNF:2
FNH:0
FNDA:0,isBinaryFile
FNDA:0,(anonymous_1)
DA:2,0
DA:21,0
DA:22,0
DA:23,0
LF:4
LH:0
BRF:0
BRH:0
end_of_record
TN:
SF:src\utils\logger.ts
FN:5,(anonymous_9)
FN:9,(anonymous_10)
FN:13,(anonymous_11)
FN:17,(anonymous_12)
FN:21,(anonymous_13)
FN:25,(anonymous_14)
FN:29,(anonymous_15)
FNF:7
FNH:0
FNDA:0,(anonymous_9)
FNDA:0,(anonymous_10)
FNDA:0,(anonymous_11)
FNDA:0,(anonymous_12)
FNDA:0,(anonymous_13)
FNDA:0,(anonymous_14)
FNDA:0,(anonymous_15)
DA:2,1
DA:4,1
DA:6,0
DA:10,0
DA:14,0
DA:18,0
DA:22,0
DA:26,0
DA:30,0
LF:9
LH:2
BRF:0
BRH:0
end_of_record
